This file contains any messages produced by compilers while
running configure, to aid debugging if configure makes a mistake.

It was created by func configure 0.4.8, which was
generated by GNU Autoconf 2.69.  Invocation command line was

  $ ./configure --prefix=/home/leechuck/

## --------- ##
## Platform. ##
## --------- ##

hostname = lc-p50
uname -m = x86_64
uname -r = 4.13.0-19-generic
uname -s = Linux
uname -v = #22-Ubuntu SMP Mon Dec 4 11:58:07 UTC 2017

/usr/bin/uname -p = unknown
/bin/uname -X     = unknown

/bin/arch              = unknown
/usr/bin/arch -k       = unknown
/usr/convex/getsysinfo = unknown
/usr/bin/hostinfo      = unknown
/bin/machine           = unknown
/usr/bin/oslevel       = unknown
/bin/universe          = unknown

PATH: /home/leechuck/anaconda3/bin
PATH: /usr/local/cuda/bin/
PATH: /usr/local/sbin
PATH: /usr/local/bin
PATH: /usr/sbin
PATH: /usr/bin
PATH: /sbin
PATH: /bin
PATH: /usr/games
PATH: /usr/local/games
PATH: /snap/bin
PATH: /usr/lib/jvm/java-8-oracle/bin
PATH: /usr/lib/jvm/java-8-oracle/db/bin
PATH: /usr/lib/jvm/java-8-oracle/jre/bin
PATH: /home/leechuck/bin
PATH: /usr/local/cuda-9.0/bin


## ----------- ##
## Core tests. ##
## ----------- ##

configure:2223: checking for g++
configure:2239: found /usr/local/cuda/bin//g++
configure:2250: result: g++
configure:2277: checking for C++ compiler version
configure:2286: g++ --version >&5
g++ (Ubuntu 5.5.0-1ubuntu1) 5.4.1 20171010
Copyright (C) 2015 Free Software Foundation, Inc.
This is free software; see the source for copying conditions.  There is NO
warranty; not even for MERCHANTABILITY or FITNESS FOR A PARTICULAR PURPOSE.

configure:2297: $? = 0
configure:2286: g++ -v >&5
Using built-in specs.
COLLECT_GCC=g++
COLLECT_LTO_WRAPPER=/usr/lib/gcc/x86_64-linux-gnu/5/lto-wrapper
Target: x86_64-linux-gnu
Configured with: ../src/configure -v --with-pkgversion='Ubuntu 5.5.0-1ubuntu1' --with-bugurl=file:///usr/share/doc/gcc-5/README.Bugs --enable-languages=c,ada,c++,java,go,d,fortran,objc,obj-c++ --prefix=/usr --program-suffix=-5 --enable-shared --enable-linker-build-id --libexecdir=/usr/lib --without-included-gettext --enable-threads=posix --libdir=/usr/lib --enable-nls --with-sysroot=/ --enable-clocale=gnu --enable-libstdcxx-debug --enable-libstdcxx-time=yes --with-default-libstdcxx-abi=new --enable-gnu-unique-object --disable-vtable-verify --enable-libmpx --enable-plugin --enable-default-pie --with-system-zlib --disable-browser-plugin --enable-java-awt=gtk --enable-gtk-cairo --with-java-home=/usr/lib/jvm/java-1.5.0-gcj-5-amd64/jre --enable-java-home --with-jvm-root-dir=/usr/lib/jvm/java-1.5.0-gcj-5-amd64 --with-jvm-jar-dir=/usr/lib/jvm-exports/java-1.5.0-gcj-5-amd64 --with-arch-directory=amd64 --with-ecj-jar=/usr/share/java/eclipse-ecj.jar --enable-objc-gc --enable-multiarch --disable-werror --with-arch-32=i686 --with-abi=m64 --with-multilib-list=m32,m64,mx32 --enable-multilib --with-tune=generic --enable-checking=release --build=x86_64-linux-gnu --host=x86_64-linux-gnu --target=x86_64-linux-gnu
Thread model: posix
gcc version 5.4.1 20171010 (Ubuntu 5.5.0-1ubuntu1) 
configure:2297: $? = 0
configure:2286: g++ -V >&5
g++: error: unrecognized command line option '-V'
g++: fatal error: no input files
compilation terminated.
configure:2297: $? = 1
configure:2286: g++ -qversion >&5
g++: error: unrecognized command line option '-qversion'
g++: fatal error: no input files
compilation terminated.
configure:2297: $? = 1
configure:2317: checking whether the C++ compiler works
configure:2339: g++    conftest.cpp  >&5
configure:2343: $? = 0
configure:2391: result: yes
configure:2394: checking for C++ compiler default output file name
configure:2396: result: a.out
configure:2402: checking for suffix of executables
configure:2409: g++ -o conftest    conftest.cpp  >&5
configure:2413: $? = 0
configure:2435: result: 
configure:2457: checking whether we are cross compiling
configure:2465: g++ -o conftest    conftest.cpp  >&5
configure:2469: $? = 0
configure:2476: ./conftest
configure:2480: $? = 0
configure:2495: result: no
configure:2500: checking for suffix of object files
configure:2522: g++ -c   conftest.cpp >&5
configure:2526: $? = 0
configure:2547: result: o
configure:2551: checking whether we are using the GNU C++ compiler
configure:2570: g++ -c   conftest.cpp >&5
configure:2570: $? = 0
configure:2579: result: yes
configure:2588: checking whether g++ accepts -g
configure:2608: g++ -c -g  conftest.cpp >&5
configure:2608: $? = 0
configure:2649: result: yes
configure:2678: checking how to run the C++ preprocessor
configure:2705: g++ -E  conftest.cpp
configure:2705: $? = 0
configure:2719: g++ -E  conftest.cpp
conftest.cpp:9:28: fatal error: ac_nonexistent.h: No such file or directory
compilation terminated.
configure:2719: $? = 1
configure: failed program was:
| /* confdefs.h */
| #define PACKAGE_NAME "func"
| #define PACKAGE_TARNAME "func"
| #define PACKAGE_VERSION "0.4.8"
| #define PACKAGE_STRING "func 0.4.8"
| #define PACKAGE_BUGREPORT "pruefer@eva.mpg.de"
| #define PACKAGE_URL ""
| /* end confdefs.h.  */
| #include <ac_nonexistent.h>
configure:2744: result: g++ -E
configure:2764: g++ -E  conftest.cpp
configure:2764: $? = 0
configure:2778: g++ -E  conftest.cpp
conftest.cpp:9:28: fatal error: ac_nonexistent.h: No such file or directory
compilation terminated.
configure:2778: $? = 1
configure: failed program was:
| /* confdefs.h */
| #define PACKAGE_NAME "func"
| #define PACKAGE_TARNAME "func"
| #define PACKAGE_VERSION "0.4.8"
| #define PACKAGE_STRING "func 0.4.8"
| #define PACKAGE_BUGREPORT "pruefer@eva.mpg.de"
| #define PACKAGE_URL ""
| /* end confdefs.h.  */
| #include <ac_nonexistent.h>
configure:2807: checking for grep that handles long lines and -e
configure:2865: result: /bin/grep
configure:2870: checking for egrep
configure:2932: result: /bin/grep -E
configure:2937: checking for ANSI C header files
configure:2957: g++ -c -g -O2  conftest.cpp >&5
configure:2957: $? = 0
configure:3030: g++ -o conftest -g -O2   conftest.cpp  >&5
configure:3030: $? = 0
configure:3030: ./conftest
configure:3030: $? = 0
configure:3041: result: yes
configure:3054: checking for sys/types.h
configure:3054: g++ -c -g -O2  conftest.cpp >&5
configure:3054: $? = 0
configure:3054: result: yes
configure:3054: checking for sys/stat.h
configure:3054: g++ -c -g -O2  conftest.cpp >&5
configure:3054: $? = 0
configure:3054: result: yes
configure:3054: checking for stdlib.h
configure:3054: g++ -c -g -O2  conftest.cpp >&5
configure:3054: $? = 0
configure:3054: result: yes
configure:3054: checking for string.h
configure:3054: g++ -c -g -O2  conftest.cpp >&5
configure:3054: $? = 0
configure:3054: result: yes
configure:3054: checking for memory.h
configure:3054: g++ -c -g -O2  conftest.cpp >&5
configure:3054: $? = 0
configure:3054: result: yes
configure:3054: checking for strings.h
configure:3054: g++ -c -g -O2  conftest.cpp >&5
configure:3054: $? = 0
configure:3054: result: yes
configure:3054: checking for inttypes.h
configure:3054: g++ -c -g -O2  conftest.cpp >&5
configure:3054: $? = 0
configure:3054: result: yes
configure:3054: checking for stdint.h
configure:3054: g++ -c -g -O2  conftest.cpp >&5
configure:3054: $? = 0
configure:3054: result: yes
configure:3054: checking for unistd.h
configure:3054: g++ -c -g -O2  conftest.cpp >&5
configure:3054: $? = 0
configure:3054: result: yes
configure:3066: checking for stdbool.h that conforms to C99
configure:3133: g++ -c -g -O2  conftest.cpp >&5
configure:3133: $? = 0
configure:3140: result: yes
configure:3142: checking for _Bool
configure:3142: g++ -c -g -O2  conftest.cpp >&5
conftest.cpp: In function 'int main()':
conftest.cpp:55:13: error: '_Bool' was not declared in this scope
 if (sizeof (_Bool))
             ^
configure:3142: $? = 1
configure: failed program was:
| /* confdefs.h */
| #define PACKAGE_NAME "func"
| #define PACKAGE_TARNAME "func"
| #define PACKAGE_VERSION "0.4.8"
| #define PACKAGE_STRING "func 0.4.8"
| #define PACKAGE_BUGREPORT "pruefer@eva.mpg.de"
| #define PACKAGE_URL ""
| #define STDC_HEADERS 1
| #define HAVE_SYS_TYPES_H 1
| #define HAVE_SYS_STAT_H 1
| #define HAVE_STDLIB_H 1
| #define HAVE_STRING_H 1
| #define HAVE_MEMORY_H 1
| #define HAVE_STRINGS_H 1
| #define HAVE_INTTYPES_H 1
| #define HAVE_STDINT_H 1
| #define HAVE_UNISTD_H 1
| /* end confdefs.h.  */
| #include <stdio.h>
| #ifdef HAVE_SYS_TYPES_H
| # include <sys/types.h>
| #endif
| #ifdef HAVE_SYS_STAT_H
| # include <sys/stat.h>
| #endif
| #ifdef STDC_HEADERS
| # include <stdlib.h>
| # include <stddef.h>
| #else
| # ifdef HAVE_STDLIB_H
| #  include <stdlib.h>
| # endif
| #endif
| #ifdef HAVE_STRING_H
| # if !defined STDC_HEADERS && defined HAVE_MEMORY_H
| #  include <memory.h>
| # endif
| # include <string.h>
| #endif
| #ifdef HAVE_STRINGS_H
| # include <strings.h>
| #endif
| #ifdef HAVE_INTTYPES_H
| # include <inttypes.h>
| #endif
| #ifdef HAVE_STDINT_H
| # include <stdint.h>
| #endif
| #ifdef HAVE_UNISTD_H
| # include <unistd.h>
| #endif
| int
| main ()
| {
| if (sizeof (_Bool))
| 	 return 0;
|   ;
|   return 0;
| }
configure:3142: result: no
configure:3159: checking for an ANSI C-conforming const
configure:3225: g++ -c -g -O2  conftest.cpp >&5
configure:3225: $? = 0
configure:3232: result: yes
configure:3243: checking for pow
configure:3243: g++ -o conftest -g -O2   conftest.cpp  >&5
configure:3243: $? = 0
configure:3243: result: yes
configure:3243: checking for sqrt
configure:3243: g++ -o conftest -g -O2   conftest.cpp  >&5
configure:3243: $? = 0
configure:3243: result: yes
configure:3255: checking float.h usability
configure:3255: g++ -c -g -O2  conftest.cpp >&5
configure:3255: $? = 0
configure:3255: result: yes
configure:3255: checking float.h presence
configure:3255: g++ -E  conftest.cpp
configure:3255: $? = 0
configure:3255: result: yes
configure:3255: checking for float.h
configure:3255: result: yes
configure:3255: checking limits.h usability
configure:3255: g++ -c -g -O2  conftest.cpp >&5
configure:3255: $? = 0
configure:3255: result: yes
configure:3255: checking limits.h presence
configure:3255: g++ -E  conftest.cpp
configure:3255: $? = 0
configure:3255: result: yes
configure:3255: checking for limits.h
configure:3255: result: yes
configure:3255: checking for stdlib.h
configure:3255: result: yes
configure:3267: checking for bash
configure:3298: result: /bin/bash
configure:3309: checking for perl
configure:3327: found /usr/bin/perl
configure:3340: result: /usr/bin/perl
configure:3351: checking for install
configure:3369: found /usr/bin/install
configure:3382: result: /usr/bin/install
configure:3393: checking for strip
configure:3411: found /usr/bin/strip
configure:3424: result: /usr/bin/strip
configure:3434: checking for main in -lRmath
configure:3453: g++ -o conftest -g -O2   conftest.cpp -lRmath   >&5
configure:3453: $? = 0
configure:3462: result: yes
configure:3482: checking for an ANSI C-conforming const
configure:3555: result: yes
configure:3718: creating ./config.status

## ---------------------- ##
## Running config.status. ##
## ---------------------- ##

This file was extended by func config.status 0.4.8, which was
generated by GNU Autoconf 2.69.  Invocation command line was

  CONFIG_FILES    = 
  CONFIG_HEADERS  = 
  CONFIG_LINKS    = 
  CONFIG_COMMANDS = 
  $ ./config.status 

on lc-p50

config.status:750: creating binomial/category_test/Makefile
config.status:750: creating binomial/refinement/Makefile
config.status:750: creating binomial/random_set/Makefile
config.status:750: creating binomial/Makefile
config.status:750: creating hypergeometric/random_set/Makefile
config.status:750: creating hypergeometric/category_test/Makefile
config.status:750: creating hypergeometric/refinement/Makefile
config.status:750: creating hypergeometric/Makefile
config.status:750: creating Makefile
config.status:750: creating 2x2contingency/random_set/Makefile
config.status:750: creating 2x2contingency/category_test/Makefile
config.status:750: creating 2x2contingency/refinement/Makefile
config.status:750: creating 2x2contingency/Makefile
config.status:750: creating wilcoxon/random_set/Makefile
config.status:750: creating wilcoxon/category_test/Makefile
config.status:750: creating wilcoxon/refinement/Makefile
config.status:750: creating wilcoxon/Makefile
config.status:750: creating tools/Makefile
config.status:750: creating doc/Makefile
config.status:849: WARNING:  'doc/Makefile.in' seems to ignore the --datarootdir setting
config.status:750: creating common/Makefile

## ---------------- ##
## Cache variables. ##
## ---------------- ##

ac_cv_c_const=yes
ac_cv_cxx_compiler_gnu=yes
ac_cv_env_CCC_set=
ac_cv_env_CCC_value=
ac_cv_env_CPPFLAGS_set=
ac_cv_env_CPPFLAGS_value=
ac_cv_env_CXXCPP_set=
ac_cv_env_CXXCPP_value=
ac_cv_env_CXXFLAGS_set=
ac_cv_env_CXXFLAGS_value=
ac_cv_env_CXX_set=
ac_cv_env_CXX_value=
ac_cv_env_LDFLAGS_set=
ac_cv_env_LDFLAGS_value=
ac_cv_env_LIBS_set=
ac_cv_env_LIBS_value=
ac_cv_env_build_alias_set=
ac_cv_env_build_alias_value=
ac_cv_env_host_alias_set=
ac_cv_env_host_alias_value=
ac_cv_env_target_alias_set=
ac_cv_env_target_alias_value=
ac_cv_func_pow=yes
ac_cv_func_sqrt=yes
ac_cv_header_float_h=yes
ac_cv_header_inttypes_h=yes
ac_cv_header_limits_h=yes
ac_cv_header_memory_h=yes
ac_cv_header_stdbool_h=yes
ac_cv_header_stdc=yes
ac_cv_header_stdint_h=yes
ac_cv_header_stdlib_h=yes
ac_cv_header_string_h=yes
ac_cv_header_strings_h=yes
ac_cv_header_sys_stat_h=yes
ac_cv_header_sys_types_h=yes
ac_cv_header_unistd_h=yes
ac_cv_lib_Rmath_main=yes
ac_cv_objext=o
ac_cv_path_BASH=/bin/bash
ac_cv_path_EGREP='/bin/grep -E'
ac_cv_path_GREP=/bin/grep
ac_cv_path_INSTALL=/usr/bin/install
ac_cv_path_PERL=/usr/bin/perl
ac_cv_path_STRIP=/usr/bin/strip
ac_cv_prog_CXXCPP='g++ -E'
ac_cv_prog_ac_ct_CXX=g++
ac_cv_prog_cxx_g=yes
ac_cv_type__Bool=no

## ----------------- ##
## Output variables. ##
## ----------------- ##

BASH='/bin/bash'
CPPFLAGS=''
CXX='g++'
CXXCPP='g++ -E'
CXXFLAGS='-g -O2'
DEFS='-DPACKAGE_NAME=\"func\" -DPACKAGE_TARNAME=\"func\" -DPACKAGE_VERSION=\"0.4.8\" -DPACKAGE_STRING=\"func\ 0.4.8\" -DPACKAGE_BUGREPORT=\"pruefer@eva.mpg.de\" -DPACKAGE_URL=\"\" -DSTDC_HEADERS=1 -DHAVE_SYS_TYPES_H=1 -DHAVE_SYS_STAT_H=1 -DHAVE_STDLIB_H=1 -DHAVE_STRING_H=1 -DHAVE_MEMORY_H=1 -DHAVE_STRINGS_H=1 -DHAVE_INTTYPES_H=1 -DHAVE_STDINT_H=1 -DHAVE_UNISTD_H=1 -DHAVE_STDBOOL_H=1 -DHAVE_POW=1 -DHAVE_SQRT=1 -DHAVE_FLOAT_H=1 -DHAVE_LIMITS_H=1 -DHAVE_STDLIB_H=1 -DHAVE_LIBRMATH=1'
ECHO_C=''
ECHO_N='-n'
ECHO_T=''
EGREP='/bin/grep -E'
EXEEXT=''
GREP='/bin/grep'
INSTALL='/usr/bin/install'
LDFLAGS=''
LIBOBJS=''
LIBS='-lRmath '
LTLIBOBJS=''
MODS=''
OBJEXT='o'
PACKAGE_BUGREPORT='pruefer@eva.mpg.de'
PACKAGE_NAME='func'
PACKAGE_STRING='func 0.4.8'
PACKAGE_TARNAME='func'
PACKAGE_URL=''
PACKAGE_VERSION='0.4.8'
PATH_SEPARATOR=':'
PERL='/usr/bin/perl'
RELEASE='0.4.8'
SHELL='/bin/bash'
STRIP='/usr/bin/strip'
ac_ct_CXX='g++'
bindir='${exec_prefix}/bin'
build_alias=''
datadir='${datarootdir}'
datarootdir='${prefix}/share'
docdir='${datarootdir}/doc/${PACKAGE_TARNAME}'
dvidir='${docdir}'
exec_prefix='${prefix}'
host_alias=''
htmldir='${docdir}'
includedir='${prefix}/include'
infodir='${datarootdir}/info'
libdir='${exec_prefix}/lib'
libexecdir='${exec_prefix}/libexec'
localedir='${datarootdir}/locale'
localstatedir='${prefix}/var'
mandir='${datarootdir}/man'
oldincludedir='/usr/include'
pdfdir='${docdir}'
prefix='/home/leechuck'
program_transform_name='s,x,x,'
psdir='${docdir}'
runstatedir='${localstatedir}/run'
sbindir='${exec_prefix}/sbin'
sharedstatedir='${prefix}/com'
sysconfdir='${prefix}/etc'
target_alias=''

## ----------- ##
## confdefs.h. ##
## ----------- ##

/* confdefs.h */
#define PACKAGE_NAME "func"
#define PACKAGE_TARNAME "func"
#define PACKAGE_VERSION "0.4.8"
#define PACKAGE_STRING "func 0.4.8"
#define PACKAGE_BUGREPORT "pruefer@eva.mpg.de"
#define PACKAGE_URL ""
#define STDC_HEADERS 1
#define HAVE_SYS_TYPES_H 1
#define HAVE_SYS_STAT_H 1
#define HAVE_STDLIB_H 1
#define HAVE_STRING_H 1
#define HAVE_MEMORY_H 1
#define HAVE_STRINGS_H 1
#define HAVE_INTTYPES_H 1
#define HAVE_STDINT_H 1
#define HAVE_UNISTD_H 1
#define HAVE_STDBOOL_H 1
#define HAVE_POW 1
#define HAVE_SQRT 1
#define HAVE_FLOAT_H 1
#define HAVE_LIMITS_H 1
#define HAVE_STDLIB_H 1
#define HAVE_LIBRMATH 1

configure: exit 0
